{"C:\\Users\\hessm\\OneDrive\\Desktop\\CSCE 3550\\Project 2\\server.js": {"path":"C:\\Users\\hessm\\OneDrive\\Desktop\\CSCE 3550\\Project 2\\server.js","statementMap":{"0":{"start":{"line":1,"column":16},"end":{"line":1,"column":34}},"1":{"start":{"line":2,"column":12},"end":{"line":2,"column":35}},"2":{"start":{"line":3,"column":13},"end":{"line":3,"column":33}},"3":{"start":{"line":4,"column":16},"end":{"line":4,"column":34}},"4":{"start":{"line":6,"column":12},"end":{"line":6,"column":21}},"5":{"start":{"line":7,"column":13},"end":{"line":7,"column":17}},"6":{"start":{"line":9,"column":11},"end":{"line":9,"column":64}},"7":{"start":{"line":17,"column":2},"end":{"line":17,"column":80}},"8":{"start":{"line":18,"column":2},"end":{"line":18,"column":87}},"9":{"start":{"line":22,"column":18},"end":{"line":26,"column":3}},"10":{"start":{"line":27,"column":18},"end":{"line":34,"column":3}},"11":{"start":{"line":36,"column":2},"end":{"line":36,"column":58}},"12":{"start":{"line":40,"column":18},"end":{"line":44,"column":3}},"13":{"start":{"line":45,"column":18},"end":{"line":52,"column":3}},"14":{"start":{"line":53,"column":2},"end":{"line":53,"column":72}},"15":{"start":{"line":59,"column":11},"end":{"line":59,"column":66}},"16":{"start":{"line":60,"column":2},"end":{"line":60,"column":122}},"17":{"start":{"line":61,"column":2},"end":{"line":61,"column":113}},"18":{"start":{"line":62,"column":2},"end":{"line":62,"column":120}},"19":{"start":{"line":65,"column":0},"end":{"line":70,"column":3}},"20":{"start":{"line":66,"column":2},"end":{"line":68,"column":3}},"21":{"start":{"line":67,"column":4},"end":{"line":67,"column":54}},"22":{"start":{"line":69,"column":2},"end":{"line":69,"column":9}},"23":{"start":{"line":73,"column":0},"end":{"line":78,"column":3}},"24":{"start":{"line":74,"column":2},"end":{"line":76,"column":3}},"25":{"start":{"line":75,"column":4},"end":{"line":75,"column":54}},"26":{"start":{"line":77,"column":2},"end":{"line":77,"column":9}},"27":{"start":{"line":80,"column":0},"end":{"line":84,"column":3}},"28":{"start":{"line":81,"column":20},"end":{"line":81,"column":57}},"29":{"start":{"line":81,"column":44},"end":{"line":81,"column":56}},"30":{"start":{"line":82,"column":2},"end":{"line":82,"column":52}},"31":{"start":{"line":83,"column":2},"end":{"line":83,"column":57}},"32":{"start":{"line":83,"column":40},"end":{"line":83,"column":52}},"33":{"start":{"line":86,"column":0},"end":{"line":91,"column":3}},"34":{"start":{"line":87,"column":2},"end":{"line":89,"column":3}},"35":{"start":{"line":88,"column":4},"end":{"line":88,"column":34}},"36":{"start":{"line":90,"column":2},"end":{"line":90,"column":17}},"37":{"start":{"line":93,"column":0},"end":{"line":100,"column":3}},"38":{"start":{"line":94,"column":2},"end":{"line":94,"column":17}},"39":{"start":{"line":95,"column":2},"end":{"line":95,"column":22}},"40":{"start":{"line":96,"column":2},"end":{"line":96,"column":12}},"41":{"start":{"line":97,"column":2},"end":{"line":99,"column":5}},"42":{"start":{"line":102,"column":0},"end":{"line":102,"column":21}}},"fnMap":{"0":{"name":"generateKeyPairs","decl":{"start":{"line":16,"column":15},"end":{"line":16,"column":31}},"loc":{"start":{"line":16,"column":34},"end":{"line":19,"column":1}},"line":16},"1":{"name":"generateToken","decl":{"start":{"line":21,"column":9},"end":{"line":21,"column":22}},"loc":{"start":{"line":21,"column":25},"end":{"line":37,"column":1}},"line":21},"2":{"name":"generateExpiredJWT","decl":{"start":{"line":39,"column":9},"end":{"line":39,"column":27}},"loc":{"start":{"line":39,"column":30},"end":{"line":54,"column":1}},"line":39},"3":{"name":"Database","decl":{"start":{"line":57,"column":9},"end":{"line":57,"column":17}},"loc":{"start":{"line":57,"column":20},"end":{"line":63,"column":1}},"line":57},"4":{"name":"(anonymous_4)","decl":{"start":{"line":65,"column":17},"end":{"line":65,"column":18}},"loc":{"start":{"line":65,"column":37},"end":{"line":70,"column":1}},"line":65},"5":{"name":"(anonymous_5)","decl":{"start":{"line":73,"column":34},"end":{"line":73,"column":35}},"loc":{"start":{"line":73,"column":54},"end":{"line":78,"column":1}},"line":73},"6":{"name":"(anonymous_6)","decl":{"start":{"line":80,"column":34},"end":{"line":80,"column":35}},"loc":{"start":{"line":80,"column":48},"end":{"line":84,"column":1}},"line":80},"7":{"name":"(anonymous_7)","decl":{"start":{"line":81,"column":37},"end":{"line":81,"column":38}},"loc":{"start":{"line":81,"column":44},"end":{"line":81,"column":56}},"line":81},"8":{"name":"(anonymous_8)","decl":{"start":{"line":83,"column":33},"end":{"line":83,"column":34}},"loc":{"start":{"line":83,"column":40},"end":{"line":83,"column":52}},"line":83},"9":{"name":"(anonymous_9)","decl":{"start":{"line":86,"column":18},"end":{"line":86,"column":19}},"loc":{"start":{"line":86,"column":32},"end":{"line":91,"column":1}},"line":86},"10":{"name":"(anonymous_10)","decl":{"start":{"line":93,"column":24},"end":{"line":93,"column":25}},"loc":{"start":{"line":93,"column":30},"end":{"line":100,"column":1}},"line":93},"11":{"name":"(anonymous_11)","decl":{"start":{"line":97,"column":19},"end":{"line":97,"column":20}},"loc":{"start":{"line":97,"column":25},"end":{"line":99,"column":3}},"line":97}},"branchMap":{"0":{"loc":{"start":{"line":66,"column":2},"end":{"line":68,"column":3}},"type":"if","locations":[{"start":{"line":66,"column":2},"end":{"line":68,"column":3}},{"start":{},"end":{}}],"line":66},"1":{"loc":{"start":{"line":74,"column":2},"end":{"line":76,"column":3}},"type":"if","locations":[{"start":{"line":74,"column":2},"end":{"line":76,"column":3}},{"start":{},"end":{}}],"line":74},"2":{"loc":{"start":{"line":87,"column":2},"end":{"line":89,"column":3}},"type":"if","locations":[{"start":{"line":87,"column":2},"end":{"line":89,"column":3}},{"start":{},"end":{}}],"line":87}},"s":{"0":1,"1":1,"2":1,"3":1,"4":1,"5":1,"6":1,"7":1,"8":1,"9":0,"10":0,"11":0,"12":0,"13":0,"14":0,"15":0,"16":0,"17":0,"18":0,"19":1,"20":3,"21":1,"22":2,"23":1,"24":2,"25":1,"26":1,"27":1,"28":1,"29":1,"30":1,"31":1,"32":1,"33":1,"34":2,"35":1,"36":1,"37":1,"38":0,"39":0,"40":0,"41":0,"42":1},"f":{"0":1,"1":0,"2":0,"3":0,"4":3,"5":2,"6":1,"7":1,"8":1,"9":2,"10":0,"11":0},"b":{"0":[1,2],"1":[1,1],"2":[1,1]},"_coverageSchema":"1a1c01bbd47fc00a2c39e90264f33305004495a9","hash":"f2e5d20a54f4fd068a04d769aba6e6cd89e067fd"}
}
