TN:
SF:server.js
FN:16,generateKeyPairs
FN:21,generateToken
FN:39,generateExpiredJWT
FN:57,Database
FN:65,(anonymous_4)
FN:73,(anonymous_5)
FN:80,(anonymous_6)
FN:81,(anonymous_7)
FN:83,(anonymous_8)
FN:86,(anonymous_9)
FN:93,(anonymous_10)
FN:97,(anonymous_11)
FNF:12
FNH:12
FNDA:1,generateKeyPairs
FNDA:1,generateToken
FNDA:1,generateExpiredJWT
FNDA:1,Database
FNDA:3,(anonymous_4)
FNDA:2,(anonymous_5)
FNDA:1,(anonymous_6)
FNDA:1,(anonymous_7)
FNDA:1,(anonymous_8)
FNDA:2,(anonymous_9)
FNDA:1,(anonymous_10)
FNDA:1,(anonymous_11)
DA:1,1
DA:2,1
DA:3,1
DA:4,1
DA:6,1
DA:7,1
DA:9,1
DA:17,1
DA:18,1
DA:22,1
DA:27,1
DA:36,1
DA:40,1
DA:45,1
DA:53,1
DA:59,1
DA:60,1
DA:61,1
DA:62,1
DA:65,1
DA:66,3
DA:67,1
DA:69,2
DA:73,1
DA:74,2
DA:75,1
DA:77,1
DA:80,1
DA:81,1
DA:82,1
DA:83,1
DA:86,1
DA:87,2
DA:88,1
DA:90,1
DA:93,1
DA:94,1
DA:95,1
DA:96,1
DA:97,1
DA:102,1
LF:41
LH:41
BRDA:66,0,0,1
BRDA:66,0,1,2
BRDA:74,1,0,1
BRDA:74,1,1,1
BRDA:87,2,0,1
BRDA:87,2,1,1
BRF:6
BRH:6
end_of_record
