TN:
SF:server.js
FN:16,generateKeyPairs
FN:21,generateToken
FN:39,generateExpiredJWT
FN:57,Database
FN:65,(anonymous_4)
FN:73,(anonymous_5)
FN:80,(anonymous_6)
FN:81,(anonymous_7)
FN:83,(anonymous_8)
FN:86,(anonymous_9)
FN:93,(anonymous_10)
FN:97,(anonymous_11)
FNF:12
FNH:1
FNDA:1,generateKeyPairs
FNDA:0,generateToken
FNDA:0,generateExpiredJWT
FNDA:0,Database
FNDA:0,(anonymous_4)
FNDA:0,(anonymous_5)
FNDA:0,(anonymous_6)
FNDA:0,(anonymous_7)
FNDA:0,(anonymous_8)
FNDA:0,(anonymous_9)
FNDA:0,(anonymous_10)
FNDA:0,(anonymous_11)
DA:1,1
DA:2,1
DA:3,1
DA:4,1
DA:6,1
DA:7,1
DA:9,1
DA:17,1
DA:18,0
DA:22,0
DA:27,0
DA:36,0
DA:40,0
DA:45,0
DA:53,0
DA:58,0
DA:59,0
DA:60,0
DA:61,0
DA:62,0
DA:65,1
DA:66,0
DA:67,0
DA:69,0
DA:73,1
DA:74,0
DA:75,0
DA:77,0
DA:80,1
DA:81,0
DA:82,0
DA:83,0
DA:86,1
DA:87,0
DA:88,0
DA:90,0
DA:93,1
DA:94,0
DA:95,0
DA:96,0
DA:97,0
DA:98,0
LF:42
LH:13
BRDA:66,0,0,0
BRDA:66,0,1,0
BRDA:74,1,0,0
BRDA:74,1,1,0
BRDA:87,2,0,0
BRDA:87,2,1,0
BRF:6
BRH:0
end_of_record
